<?xml version="1.0" encoding="UTF-8"?>
<testsuite name="triangle.TestSuite" time="0.004" tests="33" errors="0" skipped="0" failures="4">
  <properties>
[...]
</properties>
  <testcase name="test10" classname="triangle.TestSuite" time="0.001">
    <failure message="expected:&lt;EQUILATERAL&gt; but was:&lt;ISOSCELES&gt;" type="junit.framework.AssertionFailedError"><![CDATA[junit.framework.AssertionFailedError: expected:<EQUILATERAL> but was:<ISOSCELES>
	at junit.framework.Assert.fail(Assert.java:57)
	at junit.framework.Assert.failNotEquals(Assert.java:329)
	at junit.framework.Assert.assertEquals(Assert.java:78)
	at junit.framework.Assert.assertEquals(Assert.java:86)
	at junit.framework.TestCase.assertEquals(TestCase.java:253)
	at triangle.TestSuite.test10(TestSuite.java:36)
]]></failure>
  </testcase>
  <testcase name="test11" classname="triangle.TestSuite" time="0">
    <failure message="expected:&lt;EQUILATERAL&gt; but was:&lt;INVALID&gt;" type="junit.framework.AssertionFailedError"><![CDATA[junit.framework.AssertionFailedError: expected:<EQUILATERAL> but was:<INVALID>
	at junit.framework.Assert.fail(Assert.java:57)
	at junit.framework.Assert.failNotEquals(Assert.java:329)
	at junit.framework.Assert.assertEquals(Assert.java:78)
	at junit.framework.Assert.assertEquals(Assert.java:86)
	at junit.framework.TestCase.assertEquals(TestCase.java:253)
	at triangle.TestSuite.test11(TestSuite.java:39)
]]></failure>
  </testcase>
  <testcase name="test12" classname="triangle.TestSuite" time="0"/>
  <testcase name="test13" classname="triangle.TestSuite" time="0"/>
  <testcase name="test14" classname="triangle.TestSuite" time="0">
    <failure message="expected:&lt;SCALENE&gt; but was:&lt;ISOSCELES&gt;" type="junit.framework.AssertionFailedError"><![CDATA[junit.framework.AssertionFailedError: expected:<SCALENE> but was:<ISOSCELES>
	at junit.framework.Assert.fail(Assert.java:57)
	at junit.framework.Assert.failNotEquals(Assert.java:329)
	at junit.framework.Assert.assertEquals(Assert.java:78)
	at junit.framework.Assert.assertEquals(Assert.java:86)
	at junit.framework.TestCase.assertEquals(TestCase.java:253)
	at triangle.TestSuite.test14(TestSuite.java:48)
]]></failure>
  </testcase>
  <testcase name="test15" classname="triangle.TestSuite" time="0"/>
  <testcase name="test16" classname="triangle.TestSuite" time="0"/>
  <testcase name="test17" classname="triangle.TestSuite" time="0"/>
  <testcase name="test18" classname="triangle.TestSuite" time="0"/>
  <testcase name="test19" classname="triangle.TestSuite" time="0"/>
  <testcase name="test20" classname="triangle.TestSuite" time="0">
    <failure message="expected:&lt;EQUILATERAL&gt; but was:&lt;INVALID&gt;" type="junit.framework.AssertionFailedError"><![CDATA[junit.framework.AssertionFailedError: expected:<EQUILATERAL> but was:<INVALID>
	at junit.framework.Assert.fail(Assert.java:57)
	at junit.framework.Assert.failNotEquals(Assert.java:329)
	at junit.framework.Assert.assertEquals(Assert.java:78)
	at junit.framework.Assert.assertEquals(Assert.java:86)
	at junit.framework.TestCase.assertEquals(TestCase.java:253)
	at triangle.TestSuite.test20(TestSuite.java:66)
]]></failure>
  </testcase>
  <testcase name="test21" classname="triangle.TestSuite" time="0"/>
  <testcase name="test22" classname="triangle.TestSuite" time="0"/>
  <testcase name="test23" classname="triangle.TestSuite" time="0"/>
  <testcase name="test24" classname="triangle.TestSuite" time="0"/>
  <testcase name="test25" classname="triangle.TestSuite" time="0"/>
  <testcase name="test26" classname="triangle.TestSuite" time="0"/>
  <testcase name="test27" classname="triangle.TestSuite" time="0"/>
  <testcase name="test28" classname="triangle.TestSuite" time="0"/>
  <testcase name="test29" classname="triangle.TestSuite" time="0"/>
  <testcase name="test30" classname="triangle.TestSuite" time="0"/>
  <testcase name="test31" classname="triangle.TestSuite" time="0"/>
  <testcase name="test32" classname="triangle.TestSuite" time="0"/>
  <testcase name="test33" classname="triangle.TestSuite" time="0"/>
  <testcase name="test1" classname="triangle.TestSuite" time="0.001"/>
  <testcase name="test2" classname="triangle.TestSuite" time="0"/>
  <testcase name="test3" classname="triangle.TestSuite" time="0"/>
  <testcase name="test4" classname="triangle.TestSuite" time="0"/>
  <testcase name="test5" classname="triangle.TestSuite" time="0.001"/>
  <testcase name="test6" classname="triangle.TestSuite" time="0"/>
  <testcase name="test7" classname="triangle.TestSuite" time="0"/>
  <testcase name="test8" classname="triangle.TestSuite" time="0"/>
  <testcase name="test9" classname="triangle.TestSuite" time="0.001"/>
</testsuite>